2018-10-17 10:22:35 [info] : "::ffff:127.0.0.1 - - [17/Oct/2018:13:22:35 +0000] \"GET /info HTTP/1.1\" 200 54\n"
2018-10-17 10:23:00 [info] : "::1 - - [17/Oct/2018:13:23:00 +0000] \"GET /info HTTP/1.1\" 200 54\n"
2018-10-17 11:35:03 [info] : "::1 - - [17/Oct/2018:14:35:03 +0000] \"GET /info HTTP/1.1\" 304 -\n"
2018-10-17 11:36:28 [info] : "::1 - - [17/Oct/2018:14:36:28 +0000] \"GET /info HTTP/1.1\" 304 -\n"
2018-10-17 11:37:37 [info] : "::1 - - [17/Oct/2018:14:37:37 +0000] \"GET /info HTTP/1.1\" 304 -\n"
2018-10-17 11:38:16 [info] : "::1 - - [17/Oct/2018:14:38:16 +0000] \"GET /info HTTP/1.1\" 304 -\n"
2018-10-17 11:42:57 [info] : "::1 - - [17/Oct/2018:14:42:57 +0000] \"GET /info HTTP/1.1\" 304 -\n"
2018-10-17 11:44:44 [info] : "::1 - - [17/Oct/2018:14:44:44 +0000] \"GET /info HTTP/1.1\" 304 -\n"
2018-10-17 11:46:38 [info] : "::1 - - [17/Oct/2018:14:46:38 +0000] \"GET /info HTTP/1.1\" 304 -\n"
2018-10-17 11:47:24 [info] : "::1 - - [17/Oct/2018:14:47:24 +0000] \"GET /info HTTP/1.1\" 304 -\n"
2018-10-17 11:47:56 [info] : "::1 - - [17/Oct/2018:14:47:56 +0000] \"GET /info HTTP/1.1\" 304 -\n"
2018-10-17 12:50:55 [info] : "::1 - - [17/Oct/2018:15:50:55 +0000] \"GET /info HTTP/1.1\" 304 -\n"
2018-10-17 12:55:32 [info] : "::1 - - [17/Oct/2018:15:55:32 +0000] \"GET /informacoes HTTP/1.1\" 200 97\n"
2018-10-17 12:59:32 [info] : "::ffff:127.0.0.1 - - [17/Oct/2018:15:59:32 +0000] \"GET /informacoes HTTP/1.1\" 200 102\n"
2018-10-17 13:00:39 [info] : "::ffff:127.0.0.1 - - [17/Oct/2018:16:00:39 +0000] \"GET /informacoes HTTP/1.1\" 200 102\n"
2018-10-17 13:01:37 [info] : "::ffff:127.0.0.1 - - [17/Oct/2018:16:01:37 +0000] \"GET /informacoes HTTP/1.1\" 200 102\n"
2018-10-17 14:02:26 [info] : "::ffff:127.0.0.1 - - [17/Oct/2018:17:02:26 +0000] \"GET /informacoes HTTP/1.1\" 200 102\n"
2018-10-17 14:02:49 [info] : "::1 - - [17/Oct/2018:17:02:49 +0000] \"GET /informacoes HTTP/1.1\" 200 102\n"
2018-10-17 14:53:32 [info] : "::1 - - [17/Oct/2018:17:53:32 +0000] \"GET /informacoes HTTP/1.1\" 304 -\n"
2018-10-17 14:53:47 [info] : "::1 - - [17/Oct/2018:17:53:47 +0000] \"GET /apidocs/swagger-ui.html HTTP/1.1\" 404 162\n"
2018-10-17 14:53:57 [info] : "::1 - - [17/Oct/2018:17:53:57 +0000] \"GET /apidocs/ui-swagger.html HTTP/1.1\" 404 162\n"
2018-10-17 14:54:22 [info] : "::1 - - [17/Oct/2018:17:54:22 +0000] \"GET /apidocs HTTP/1.1\" 404 146\n"
2018-10-17 14:54:33 [info] : "::1 - - [17/Oct/2018:17:54:33 +0000] \"GET /apidoc HTTP/1.1\" 301 179\n"
2018-10-17 14:54:33 [info] : "::1 - - [17/Oct/2018:17:54:33 +0000] \"GET /apidoc/ HTTP/1.1\" 404 146\n"
2018-10-17 14:54:42 [info] : "::1 - - [17/Oct/2018:17:54:42 +0000] \"GET /apidoc/swagger-ui.html HTTP/1.1\" 404 161\n"
2018-10-17 14:54:50 [info] : "::1 - - [17/Oct/2018:17:54:50 +0000] \"GET /apidoc/ui-swagger.html HTTP/1.1\" 404 161\n"
2018-10-17 14:55:00 [info] : "::1 - - [17/Oct/2018:17:55:00 +0000] \"GET /apidoc/swagger.json HTTP/1.1\" 200 -\n"
2018-10-17 14:56:03 [info] : "::1 - - [17/Oct/2018:17:56:03 +0000] \"GET /api-docs HTTP/1.1\" 301 183\n"
2018-10-17 14:56:03 [info] : "::1 - - [17/Oct/2018:17:56:03 +0000] \"GET /api-docs/ HTTP/1.1\" 200 -\n"
2018-10-17 14:56:04 [info] : "::1 - - [17/Oct/2018:17:56:04 +0000] \"GET /api-docs/swagger-ui-init.js HTTP/1.1\" 200 -\n"
2018-10-17 14:56:04 [info] : "::1 - - [17/Oct/2018:17:56:04 +0000] \"GET /api-docs/swagger-ui.css HTTP/1.1\" 200 -\n"
2018-10-17 14:56:04 [info] : "::1 - - [17/Oct/2018:17:56:04 +0000] \"GET /api-docs/swagger-ui-standalone-preset.js HTTP/1.1\" 200 -\n"
2018-10-17 14:56:04 [info] : "::1 - - [17/Oct/2018:17:56:04 +0000] \"GET /api-docs/swagger-ui-bundle.js HTTP/1.1\" 200 -\n"
2018-10-17 14:56:04 [info] : "::1 - - [17/Oct/2018:17:56:04 +0000] \"GET /api-docs/favicon-32x32.png HTTP/1.1\" 200 1141\n"
2018-10-17 14:56:04 [info] : "::1 - - [17/Oct/2018:17:56:04 +0000] \"GET /api-docs/favicon-16x16.png HTTP/1.1\" 200 445\n"
2018-10-17 14:56:34 [info] : "::1 - - [17/Oct/2018:17:56:34 +0000] \"GET /informacoes HTTP/1.1\" 304 -\n"
2018-10-17 14:57:43 [info] : "::1 - - [17/Oct/2018:17:57:43 +0000] \"GET /api-docs/ HTTP/1.1\" 304 -\n"
2018-10-17 14:57:43 [info] : "::1 - - [17/Oct/2018:17:57:43 +0000] \"GET /api-docs/swagger-ui-bundle.js HTTP/1.1\" 304 -\n"
2018-10-17 14:57:43 [info] : "::1 - - [17/Oct/2018:17:57:43 +0000] \"GET /api-docs/swagger-ui.css HTTP/1.1\" 304 -\n"
2018-10-17 14:57:43 [info] : "::1 - - [17/Oct/2018:17:57:43 +0000] \"GET /api-docs/swagger-ui-standalone-preset.js HTTP/1.1\" 304 -\n"
2018-10-17 14:57:43 [info] : "::1 - - [17/Oct/2018:17:57:43 +0000] \"GET /api-docs/swagger-ui-init.js HTTP/1.1\" 200 -\n"
2018-10-17 14:57:44 [info] : "::1 - - [17/Oct/2018:17:57:44 +0000] \"GET /api-docs/favicon-32x32.png HTTP/1.1\" 304 -\n"
2018-10-17 14:57:44 [info] : "::1 - - [17/Oct/2018:17:57:44 +0000] \"GET /api-docs/favicon-16x16.png HTTP/1.1\" 304 -\n"
2018-10-17 14:57:59 [info] : "::1 - - [17/Oct/2018:17:57:59 +0000] \"GET /api-docs/ HTTP/1.1\" 304 -\n"
2018-10-17 14:57:59 [info] : "::1 - - [17/Oct/2018:17:57:59 +0000] \"GET /api-docs/swagger-ui.css HTTP/1.1\" 304 -\n"
2018-10-17 14:57:59 [info] : "::1 - - [17/Oct/2018:17:57:59 +0000] \"GET /api-docs/swagger-ui-bundle.js HTTP/1.1\" 304 -\n"
2018-10-17 14:57:59 [info] : "::1 - - [17/Oct/2018:17:57:59 +0000] \"GET /api-docs/swagger-ui-standalone-preset.js HTTP/1.1\" 304 -\n"
2018-10-17 14:57:59 [info] : "::1 - - [17/Oct/2018:17:57:59 +0000] \"GET /api-docs/swagger-ui-init.js HTTP/1.1\" 304 -\n"
2018-10-17 14:58:10 [info] : "::1 - - [17/Oct/2018:17:58:10 +0000] \"GET /informacoes HTTP/1.1\" 304 -\n"
2018-10-17 14:58:40 [info] : "::1 - - [17/Oct/2018:17:58:40 +0000] \"GET /api-docs/ HTTP/1.1\" 304 -\n"
2018-10-17 14:58:40 [info] : "::1 - - [17/Oct/2018:17:58:40 +0000] \"GET /api-docs/swagger-ui.css HTTP/1.1\" 304 -\n"
2018-10-17 14:58:40 [info] : "::1 - - [17/Oct/2018:17:58:40 +0000] \"GET /api-docs/swagger-ui-bundle.js HTTP/1.1\" 304 -\n"
2018-10-17 14:58:40 [info] : "::1 - - [17/Oct/2018:17:58:40 +0000] \"GET /api-docs/swagger-ui-standalone-preset.js HTTP/1.1\" 304 -\n"
2018-10-17 14:58:40 [info] : "::1 - - [17/Oct/2018:17:58:40 +0000] \"GET /api-docs/swagger-ui-init.js HTTP/1.1\" 200 -\n"
2018-10-17 14:58:41 [info] : "::1 - - [17/Oct/2018:17:58:41 +0000] \"GET /api-docs/favicon-32x32.png HTTP/1.1\" 304 -\n"
2018-10-17 14:58:41 [info] : "::1 - - [17/Oct/2018:17:58:41 +0000] \"GET /api-docs/favicon-16x16.png HTTP/1.1\" 304 -\n"
2018-10-17 14:58:48 [info] : "::1 - - [17/Oct/2018:17:58:48 +0000] \"GET /api-docs/ HTTP/1.1\" 304 -\n"
2018-10-17 14:58:48 [info] : "::1 - - [17/Oct/2018:17:58:48 +0000] \"GET /api-docs/swagger-ui.css HTTP/1.1\" 304 -\n"
2018-10-17 14:58:48 [info] : "::1 - - [17/Oct/2018:17:58:48 +0000] \"GET /api-docs/swagger-ui-bundle.js HTTP/1.1\" 304 -\n"
2018-10-17 14:58:48 [info] : "::1 - - [17/Oct/2018:17:58:48 +0000] \"GET /api-docs/swagger-ui-standalone-preset.js HTTP/1.1\" 304 -\n"
2018-10-17 14:58:48 [info] : "::1 - - [17/Oct/2018:17:58:48 +0000] \"GET /api-docs/swagger-ui-init.js HTTP/1.1\" 304 -\n"
2018-10-17 14:58:59 [info] : "::1 - - [17/Oct/2018:17:58:59 +0000] \"GET /informacoes HTTP/1.1\" 304 -\n"
2018-10-17 15:04:04 [info] : "::1 - - [17/Oct/2018:18:04:04 +0000] \"GET /informacoes HTTP/1.1\" 304 -\n"
2018-10-17 15:04:44 [info] : "::1 - - [17/Oct/2018:18:04:44 +0000] \"GET /informacoes HTTP/1.1\" 304 -\n"
2018-10-17 15:04:46 [info] : "::1 - - [17/Oct/2018:18:04:46 +0000] \"GET /informacoes HTTP/1.1\" 304 -\n"
2018-10-17 15:05:07 [info] : "::1 - - [17/Oct/2018:18:05:07 +0000] \"GET /informacoes HTTP/1.1\" 304 -\n"
2018-10-17 15:05:08 [info] : "::1 - - [17/Oct/2018:18:05:08 +0000] \"GET /informacoes HTTP/1.1\" 304 -\n"
2018-10-17 15:05:09 [info] : "::1 - - [17/Oct/2018:18:05:09 +0000] \"GET /informacoes HTTP/1.1\" 304 -\n"
2018-10-17 15:06:32 [info] : "::1 - - [17/Oct/2018:18:06:32 +0000] \"GET /informacoes HTTP/1.1\" 304 -\n"
2018-10-17 15:06:41 [info] : "::1 - - [17/Oct/2018:18:06:41 +0000] \"GET /api-docs/ HTTP/1.1\" 304 -\n"
2018-10-17 15:06:41 [info] : "::1 - - [17/Oct/2018:18:06:41 +0000] \"GET /api-docs/swagger-ui.css HTTP/1.1\" 304 -\n"
2018-10-17 15:06:41 [info] : "::1 - - [17/Oct/2018:18:06:41 +0000] \"GET /api-docs/swagger-ui-bundle.js HTTP/1.1\" 304 -\n"
2018-10-17 15:06:41 [info] : "::1 - - [17/Oct/2018:18:06:41 +0000] \"GET /api-docs/swagger-ui-standalone-preset.js HTTP/1.1\" 304 -\n"
2018-10-17 15:06:41 [info] : "::1 - - [17/Oct/2018:18:06:41 +0000] \"GET /api-docs/swagger-ui-init.js HTTP/1.1\" 200 -\n"
2018-10-17 15:06:42 [info] : "::1 - - [17/Oct/2018:18:06:42 +0000] \"GET /api-docs/favicon-32x32.png HTTP/1.1\" 304 -\n"
2018-10-17 15:06:42 [info] : "::1 - - [17/Oct/2018:18:06:42 +0000] \"GET /api-docs/favicon-16x16.png HTTP/1.1\" 304 -\n"
2018-10-17 15:06:47 [info] : "::1 - - [17/Oct/2018:18:06:47 +0000] \"GET /informacoes HTTP/1.1\" 304 -\n"
2018-10-17 15:07:22 [info] : "::1 - - [17/Oct/2018:18:07:22 +0000] \"GET /informacoes HTTP/1.1\" 304 -\n"
2018-10-17 15:08:27 [info] : "::1 - - [17/Oct/2018:18:08:27 +0000] \"GET /informacoes HTTP/1.1\" 304 -\n"
2018-10-17 15:11:04 [info] : "::1 - - [17/Oct/2018:18:11:04 +0000] \"GET /informacoes HTTP/1.1\" 200 49\n"
2018-10-17 15:11:40 [info] : "::1 - - [17/Oct/2018:18:11:40 +0000] \"GET /informacoes HTTP/1.1\" 200 88\n"
2018-10-17 15:11:47 [info] : "::1 - - [17/Oct/2018:18:11:47 +0000] \"GET /informacoes HTTP/1.1\" 304 -\n"
